java.lang.ArithmeticException: / by zero
	at javaPractice.ch_10.exceptionHandling.MyException06.main(MyException06.java:19)
예외 메시지 : / by zero
------------------------------------------------
예외 발생시간 : Thu Dec 01 10:41:19 GMT+09:00 2022
java.lang.ArithmeticException: / by zero
	at javaPractice.ch_10.exceptionHandling.MyException06.main(MyException06.java:24)
예외 메시지 : / by zero
------------------------------------------------
------------------------------------------------
예외 발생시간 : Thu Dec 01 10:41:44 GMT+09:00 2022
java.lang.ArithmeticException: / by zero
	at javaPractice.ch_10.exceptionHandling.MyException06.main(MyException06.java:24)
예외 메시지 : / by zero
------------------------------------------------
------------------------------------------------
예외 발생시간 : Thu Dec 01 10:42:50 GMT+09:00 2022
java.lang.ArithmeticException: / by zero
	at javaPractice.ch_10.exceptionHandling.MyException06.main(MyException06.java:24)
예외 메시지 : / by zero
------------------------------------------------
